<?xml version="1.0" encoding="UTF-8"?>
<testng-results ignored="0" total="1" passed="1" failed="0" skipped="0">
  <reporter-output>
  </reporter-output>
  <suite started-at="2023-09-28T11:17:13 EET" name="Current suite Under construction" finished-at="2023-09-28T11:17:18 EET" duration-ms="5609">
    <groups>
    </groups>
    <test started-at="2023-09-28T11:17:13 EET" name="Current Test Under construction" finished-at="2023-09-28T11:17:18 EET" duration-ms="5609">
      <class name="end_to_end.SearchTest">
        <test-method is-config="true" signature="setUp()[pri:0, instance:end_to_end.SearchTest@782168b7]" started-at="2023-09-28T11:17:13 EET" name="setUp" description="navigate to the website and maximize the widow" finished-at="2023-09-28T11:17:14 EET" duration-ms="1468" status="PASS">
          <reporter-output>
          </reporter-output>
        </test-method> <!-- setUp -->
        <test-method signature="testSearchOnWebsite()[pri:0, instance:end_to_end.SearchTest@782168b7]" started-at="2023-09-28T11:17:14 EET" name="testSearchOnWebsite" finished-at="2023-09-28T11:17:18 EET" duration-ms="3968" status="PASS">
          <reporter-output>
          </reporter-output>
        </test-method> <!-- testSearchOnWebsite -->
        <test-method is-config="true" signature="screenshotOnFailure(org.testng.ITestResult)[pri:0, instance:end_to_end.SearchTest@782168b7]" started-at="2023-09-28T11:17:18 EET" name="screenshotOnFailure" finished-at="2023-09-28T11:17:18 EET" duration-ms="1" status="PASS">
          <params>
            <param index="0">
              <value>
                <![CDATA[[TestResult name=testSearchOnWebsite status=SUCCESS method=SearchTest.testSearchOnWebsite()[pri:0, instance:end_to_end.SearchTest@782168b7] output={null}]]]>
              </value>
            </param>
          </params>
          <reporter-output>
          </reporter-output>
        </test-method> <!-- screenshotOnFailure -->
        <test-method is-config="true" signature="tearDown()[pri:0, instance:end_to_end.SearchTest@782168b7]" started-at="2023-09-28T11:17:18 EET" name="tearDown" description="close all browser instance" finished-at="2023-09-28T11:17:18 EET" duration-ms="112" status="PASS">
          <reporter-output>
          </reporter-output>
        </test-method> <!-- tearDown -->
      </class> <!-- end_to_end.SearchTest -->
    </test> <!-- Current Test Under construction -->
  </suite> <!-- Current suite Under construction -->
</testng-results>
